<?xml version="1.0" encoding="UTF-8"?>
<testsuite xmlns:xsi="http://www.w3.org/2001/XMLSchema-instance" xsi:noNamespaceSchemaLocation="https://maven.apache.org/surefire/maven-surefire-plugin/xsd/surefire-test-report.xsd" name="com.cloudacademy.bitcoin.ConverterSvcTest" time="4.167" tests="15" errors="0" skipped="0" failures="0">
  <properties>
[...]
</properties>
  <testcase name="getExchangeRate_GBP_ReturnsGBPExchangeRate" classname="com.cloudacademy.bitcoin.ConverterSvcTest" time="3.939"/>
  <testcase name="getExchangeRate_ClosingResponseThrowsIOException_ReturnsCorrectErrorCode" classname="com.cloudacademy.bitcoin.ConverterSvcTest" time="0.02"/>
  <testcase name="getExchangeRate_USD_ReturnsUSDExhangeRate" classname="com.cloudacademy.bitcoin.ConverterSvcTest" time="0.012"/>
  <testcase name="convertBitcoins_0BitCoinToGBP_ReturnsZeroGBP" classname="com.cloudacademy.bitcoin.ConverterSvcTest" time="0.012"/>
  <testcase name="convertBitcoins_503ServiceUnavailable_ReturnsCorrectErrorCode" classname="com.cloudacademy.bitcoin.ConverterSvcTest" time="0.011"/>
  <testcase name="convertBitcoins_NegativeBitCoinsToUSD_ThrowsException" classname="com.cloudacademy.bitcoin.ConverterSvcTest" time="0.031"/>
  <testcase name="convertBitcoins_1BitCoinToUSD_ReturnsUSDDollars" classname="com.cloudacademy.bitcoin.ConverterSvcTest" time="0.033"/>
  <testcase name="convertBitcoins_2BitCoinToUSD_ReturnsUSDDollars" classname="com.cloudacademy.bitcoin.ConverterSvcTest" time="0.004"/>
  <testcase name="convertBitcoins_0BitCoinToEUR_ReturnsZeroEUR" classname="com.cloudacademy.bitcoin.ConverterSvcTest" time="0.007"/>
  <testcase name="convertBitcoins_2BitCoinToEUR_ReturnsEUR" classname="com.cloudacademy.bitcoin.ConverterSvcTest" time="0.005"/>
  <testcase name="convertBitcoins_2BitCoinToGBP_ReturnsGBP" classname="com.cloudacademy.bitcoin.ConverterSvcTest" time="0.008"/>
  <testcase name="convertBitcoins_1BitCoinToEUR_ReturnsEUR" classname="com.cloudacademy.bitcoin.ConverterSvcTest" time="0.005"/>
  <testcase name="convertBitcoins_1BitCoinToGBP_ReturnsGBP" classname="com.cloudacademy.bitcoin.ConverterSvcTest" time="0.003"/>
  <testcase name="getExchangeRate_EUR_ReturnsEURExchangeRate" classname="com.cloudacademy.bitcoin.ConverterSvcTest" time="0.007"/>
  <testcase name="convertBitcoins_0BitCoinToUSD_ReturnsZeroUSDDollars" classname="com.cloudacademy.bitcoin.ConverterSvcTest" time="0.002"/>
</testsuite>